Using pre-set license
Built from '2021.3/staging' branch; Version is '2021.3.24f1 (cf10dcf7010d) revision 13570268'; Using compiler version '192829333'; Build Type 'Release'
OS: 'Windows 10  (10.0.19045) 64bit Professional' Language: 'es' Physical Memory: 15508 MB
BatchMode: 1, IsHumanControllingUs: 0, StartBugReporterOnCrash: 0, Is64bit: 1, IsPro: 1

COMMAND LINE ARGUMENTS:
C:\Program Files\Unity\Hub\Editor\2021.3.24f1\Editor\Unity.exe
-adb2
-batchMode
-noUpm
-name
AssetImportWorker0
-projectPath
C:/Users/Indatech/Documents/Balen Saga - Crown of Despair/BS-CoD/Balen Saga - Crown of Despair
-logFile
Logs/AssetImportWorker0.log
-srvPort
58216
Successfully changed project path to: C:/Users/Indatech/Documents/Balen Saga - Crown of Despair/BS-CoD/Balen Saga - Crown of Despair
C:/Users/Indatech/Documents/Balen Saga - Crown of Despair/BS-CoD/Balen Saga - Crown of Despair
[UnityMemory] Configuration Parameters - Can be set up in boot.config
    "memorysetup-bucket-allocator-granularity=16"
    "memorysetup-bucket-allocator-bucket-count=8"
    "memorysetup-bucket-allocator-block-size=33554432"
    "memorysetup-bucket-allocator-block-count=8"
    "memorysetup-main-allocator-block-size=16777216"
    "memorysetup-thread-allocator-block-size=16777216"
    "memorysetup-gfx-main-allocator-block-size=16777216"
    "memorysetup-gfx-thread-allocator-block-size=16777216"
    "memorysetup-cache-allocator-block-size=4194304"
    "memorysetup-typetree-allocator-block-size=2097152"
    "memorysetup-profiler-bucket-allocator-granularity=16"
    "memorysetup-profiler-bucket-allocator-bucket-count=8"
    "memorysetup-profiler-bucket-allocator-block-size=33554432"
    "memorysetup-profiler-bucket-allocator-block-count=8"
    "memorysetup-profiler-allocator-block-size=16777216"
    "memorysetup-profiler-editor-allocator-block-size=1048576"
    "memorysetup-temp-allocator-size-main=16777216"
    "memorysetup-job-temp-allocator-block-size=2097152"
    "memorysetup-job-temp-allocator-block-size-background=1048576"
    "memorysetup-job-temp-allocator-reduction-small-platforms=262144"
    "memorysetup-temp-allocator-size-background-worker=32768"
    "memorysetup-temp-allocator-size-job-worker=262144"
    "memorysetup-temp-allocator-size-preload-manager=33554432"
    "memorysetup-temp-allocator-size-nav-mesh-worker=65536"
    "memorysetup-temp-allocator-size-audio-worker=65536"
    "memorysetup-temp-allocator-size-cloud-worker=32768"
    "memorysetup-temp-allocator-size-gi-baking-worker=262144"
    "memorysetup-temp-allocator-size-gfx=262144"
Player connection [10724] Host "[IP] 192.168.0.108 [Port] 0 [Flags] 2 [Guid] 976245980 [EditorId] 976245980 [Version] 1048832 [Id] WindowsEditor(7,DESKTOP-065KU3M) [Debug] 1 [PackageName] WindowsEditor [ProjectName] Editor" joined multi-casting on [225.0.0.222:54997]...

Player connection [10724] Host "[IP] 192.168.0.108 [Port] 0 [Flags] 2 [Guid] 976245980 [EditorId] 976245980 [Version] 1048832 [Id] WindowsEditor(7,DESKTOP-065KU3M) [Debug] 1 [PackageName] WindowsEditor [ProjectName] Editor" joined alternative multi-casting on [225.0.0.222:34997]...

Refreshing native plugins compatible for Editor in 780.54 ms, found 4 plugins.
Preloading 0 native plugins for Editor in 0.00 ms.
Initialize engine version: 2021.3.24f1 (cf10dcf7010d)
[Subsystems] Discovering subsystems at path C:/Program Files/Unity/Hub/Editor/2021.3.24f1/Editor/Data/Resources/UnitySubsystems
[Subsystems] Discovering subsystems at path C:/Users/Indatech/Documents/Balen Saga - Crown of Despair/BS-CoD/Balen Saga - Crown of Despair/Assets
GfxDevice: creating device client; threaded=0; jobified=0
Direct3D:
    Version:  Direct3D 11.0 [level 11.1]
    Renderer: NVIDIA GeForce MX250 (ID=0x1d13)
    Vendor:   NVIDIA
    VRAM:     1982 MB
    Driver:   31.0.15.3699
Initialize mono
Mono path[0] = 'C:/Program Files/Unity/Hub/Editor/2021.3.24f1/Editor/Data/Managed'
Mono path[1] = 'C:/Program Files/Unity/Hub/Editor/2021.3.24f1/Editor/Data/MonoBleedingEdge/lib/mono/unityjit-win32'
Mono config path = 'C:/Program Files/Unity/Hub/Editor/2021.3.24f1/Editor/Data/MonoBleedingEdge/etc'
Using monoOptions --debugger-agent=transport=dt_socket,embedding=1,server=y,suspend=n,address=127.0.0.1:56496
Begin MonoManager ReloadAssembly
Registering precompiled unity dll's ...
Register platform support module: C:/Program Files/Unity/Hub/Editor/2021.3.24f1/Editor/Data/PlaybackEngines/WebGLSupport/UnityEditor.WebGL.Extensions.dll
Register platform support module: C:/Program Files/Unity/Hub/Editor/2021.3.24f1/Editor/Data/PlaybackEngines/MacStandaloneSupport/UnityEditor.OSXStandalone.Extensions.dll
Register platform support module: C:/Program Files/Unity/Hub/Editor/2021.3.24f1/Editor/Data/PlaybackEngines/WindowsStandaloneSupport/UnityEditor.WindowsStandalone.Extensions.dll
Registered in 0.079731 seconds.
Native extension for WindowsStandalone target not found
Native extension for OSXStandalone target not found
Native extension for WebGL target not found
Refreshing native plugins compatible for Editor in 307.66 ms, found 4 plugins.
Preloading 0 native plugins for Editor in 0.00 ms.
Mono: successfully reloaded assembly
- Completed reload, in  2.658 seconds
Domain Reload Profiling:
	ReloadAssembly (2659ms)
		BeginReloadAssembly (444ms)
			ExecutionOrderSort (0ms)
			DisableScriptedObjects (0ms)
			BackupInstance (0ms)
			ReleaseScriptingObjects (0ms)
			CreateAndSetChildDomain (2ms)
		EndReloadAssembly (1467ms)
			LoadAssemblies (437ms)
			RebuildTransferFunctionScriptingTraits (0ms)
			SetupTypeCache (373ms)
			ReleaseScriptCaches (0ms)
			RebuildScriptCaches (91ms)
			SetupLoadedEditorAssemblies (827ms)
				LogAssemblyErrors (0ms)
				InitializePlatformSupportModulesInManaged (42ms)
				SetLoadedEditorAssemblies (1ms)
				RefreshPlugins (308ms)
				BeforeProcessingInitializeOnLoad (2ms)
				ProcessInitializeOnLoadAttributes (342ms)
				ProcessInitializeOnLoadMethodAttributes (131ms)
				AfterProcessingInitializeOnLoad (0ms)
				EditorAssembliesLoaded (0ms)
			ExecutionOrderSort2 (0ms)
			AwakeInstancesAfterBackupRestoration (0ms)
Platform modules already initialized, skipping
Registering precompiled user dll's ...
Registered in 0.022105 seconds.
Begin MonoManager ReloadAssembly
Symbol file LoadedFromMemory doesn't match image C:\Users\Indatech\Documents\Balen Saga - Crown of Despair\BS-CoD\Balen Saga - Crown of Despair\Library\PackageCache\com.unity.visualscripting@1.8.0\Editor\VisualScripting.Core\Dependencies\YamlDotNet\Unity.VisualScripting.YamlDotNet.dll
Symbol file LoadedFromMemory doesn't match image C:\Users\Indatech\Documents\Balen Saga - Crown of Despair\BS-CoD\Balen Saga - Crown of Despair\Library\PackageCache\com.unity.visualscripting@1.8.0\Editor\VisualScripting.Core\Dependencies\DotNetZip\Unity.VisualScripting.IonicZip.dll
Native extension for WindowsStandalone target not found
Native extension for OSXStandalone target not found
Native extension for WebGL target not found
Refreshing native plugins compatible for Editor in 260.40 ms, found 4 plugins.
Preloading 0 native plugins for Editor in 0.00 ms.
Mono: successfully reloaded assembly
- Completed reload, in  3.757 seconds
Domain Reload Profiling:
	ReloadAssembly (3761ms)
		BeginReloadAssembly (479ms)
			ExecutionOrderSort (0ms)
			DisableScriptedObjects (23ms)
			BackupInstance (0ms)
			ReleaseScriptingObjects (0ms)
			CreateAndSetChildDomain (73ms)
		EndReloadAssembly (2867ms)
			LoadAssemblies (373ms)
			RebuildTransferFunctionScriptingTraits (0ms)
			SetupTypeCache (737ms)
			ReleaseScriptCaches (2ms)
			RebuildScriptCaches (174ms)
			SetupLoadedEditorAssemblies (1562ms)
				LogAssemblyErrors (0ms)
				InitializePlatformSupportModulesInManaged (29ms)
				SetLoadedEditorAssemblies (1ms)
				RefreshPlugins (261ms)
				BeforeProcessingInitializeOnLoad (303ms)
				ProcessInitializeOnLoadAttributes (594ms)
				ProcessInitializeOnLoadMethodAttributes (278ms)
				AfterProcessingInitializeOnLoad (32ms)
				EditorAssembliesLoaded (62ms)
			ExecutionOrderSort2 (0ms)
			AwakeInstancesAfterBackupRestoration (25ms)
Platform modules already initialized, skipping
========================================================================
Worker process is ready to serve import requests
Launched and connected shader compiler UnityShaderCompiler.exe after 0.07 seconds
Refreshing native plugins compatible for Editor in 5.01 ms, found 4 plugins.
Preloading 0 native plugins for Editor in 0.00 ms.
Unloading 5221 Unused Serialized files (Serialized files now loaded: 0)
Unloading 55 unused Assets / (1.3 MB). Loaded Objects now: 5659.
Memory consumption went from 208.4 MB to 207.1 MB.
Total: 12.478200 ms (FindLiveObjects: 0.843600 ms CreateObjectMapping: 0.760000 ms MarkObjects: 10.018500 ms  DeleteObjects: 0.854200 ms)

AssetImportParameters requested are different than current active one (requested -> active):
  custom:video-decoder-ogg-theora: a1e56fd34408186e4bbccfd4996cb3dc -> 
  custom:container-muxer-webm: aa71ff27fc2769a1b78a27578f13a17b -> 
  custom:container-demuxer-webm: 4f35f7cbe854078d1ac9338744f61a02 -> 
  custom:video-encoder-webm-vp8: eb34c28f22e8b96e1ab97ce403110664 -> 
  custom:audio-encoder-webm-vorbis: bf7c407c2cedff20999df2af8eb42d56 -> 
  custom:framework-win-MediaFoundation: 216162199b28c13a410421893ffa2e32 -> 
  custom:container-demuxer-ogg: 62fdf1f143b41e24485cea50d1cbac27 -> 
  custom:video-decoder-webm-vp8: 9c59270c3fd7afecdb556c50c9e8de78 -> 
  custom:audio-decoder-ogg-vorbis: bf7c407c2cedff20999df2af8eb42d56 -> 
========================================================================
Received Import Request.
  Time since last request: 14982.201123 seconds.
  path: Assets/UniversalRenderPipelineGlobalSettings.asset
  artifactKey: Guid(8b5a6761e444a1e44b5a30e57f51acea) Importer(815301076,1909f56bfc062723c751e8b465ee728b)
Start importing Assets/UniversalRenderPipelineGlobalSettings.asset using Guid(8b5a6761e444a1e44b5a30e57f51acea) Importer(815301076,1909f56bfc062723c751e8b465ee728b)  -> (artifact id: '7e0ae605f016bc9fda1e4a04bf252526') in 0.116042 seconds 
========================================================================
Received Import Request.
  Time since last request: 29.908848 seconds.
  path: Assets
  artifactKey: Guid(00000000000000001000000000000000) Importer(815301076,1909f56bfc062723c751e8b465ee728b)
Start importing Assets using Guid(00000000000000001000000000000000) Importer(815301076,1909f56bfc062723c751e8b465ee728b)  -> (artifact id: '79842766b460edbeab6a34051e857a80') in 0.003884 seconds 
========================================================================
Received Import Request.
  Time since last request: 5.230350 seconds.
  path: Assets/Scripts
  artifactKey: Guid(4ce4d36c7656fee468dd671c96be1368) Importer(815301076,1909f56bfc062723c751e8b465ee728b)
Start importing Assets/Scripts using Guid(4ce4d36c7656fee468dd671c96be1368) Importer(815301076,1909f56bfc062723c751e8b465ee728b)  -> (artifact id: '94708c84d6af4fa0a84bbbec9ab6cc9b') in 0.002675 seconds 
========================================================================
Received Import Request.
  Time since last request: 2.875128 seconds.
  path: Assets/Settings
  artifactKey: Guid(0220aab0833d04faeb927d84ca6cc40c) Importer(815301076,1909f56bfc062723c751e8b465ee728b)
Start importing Assets/Settings using Guid(0220aab0833d04faeb927d84ca6cc40c) Importer(815301076,1909f56bfc062723c751e8b465ee728b)  -> (artifact id: 'd681da83228de6eb57118ec3dd4db8fe') in 0.003431 seconds 
========================================================================
Received Import Request.
  Time since last request: 0.031227 seconds.
  path: Assets/Settings/Lit2DSceneTemplate.scenetemplate
  artifactKey: Guid(d03ed43fc9d8a4f2e9fa70c1c7916eb9) Importer(815301076,1909f56bfc062723c751e8b465ee728b)
Start importing Assets/Settings/Lit2DSceneTemplate.scenetemplate using Guid(d03ed43fc9d8a4f2e9fa70c1c7916eb9) Importer(815301076,1909f56bfc062723c751e8b465ee728b)  -> (artifact id: '9ca8933c12b6098a5df52859f6839372') in 0.324391 seconds 
========================================================================
Received Prepare
Registering precompiled user dll's ...
Registered in 0.009199 seconds.
Begin MonoManager ReloadAssembly
Symbol file LoadedFromMemory doesn't match image C:\Users\Indatech\Documents\Balen Saga - Crown of Despair\BS-CoD\Balen Saga - Crown of Despair\Library\PackageCache\com.unity.visualscripting@1.8.0\Editor\VisualScripting.Core\Dependencies\YamlDotNet\Unity.VisualScripting.YamlDotNet.dll
Symbol file LoadedFromMemory doesn't match image C:\Users\Indatech\Documents\Balen Saga - Crown of Despair\BS-CoD\Balen Saga - Crown of Despair\Library\PackageCache\com.unity.visualscripting@1.8.0\Editor\VisualScripting.Core\Dependencies\DotNetZip\Unity.VisualScripting.IonicZip.dll
Native extension for WindowsStandalone target not found
Native extension for OSXStandalone target not found
Native extension for WebGL target not found
Refreshing native plugins compatible for Editor in 2.26 ms, found 4 plugins.
Preloading 0 native plugins for Editor in 0.00 ms.
Mono: successfully reloaded assembly
- Completed reload, in  3.700 seconds
Domain Reload Profiling:
	ReloadAssembly (3701ms)
		BeginReloadAssembly (416ms)
			ExecutionOrderSort (0ms)
			DisableScriptedObjects (18ms)
			BackupInstance (0ms)
			ReleaseScriptingObjects (2ms)
			CreateAndSetChildDomain (95ms)
		EndReloadAssembly (2918ms)
			LoadAssemblies (324ms)
			RebuildTransferFunctionScriptingTraits (0ms)
			SetupTypeCache (976ms)
			ReleaseScriptCaches (5ms)
			RebuildScriptCaches (219ms)
			SetupLoadedEditorAssemblies (1271ms)
				LogAssemblyErrors (0ms)
				InitializePlatformSupportModulesInManaged (47ms)
				SetLoadedEditorAssemblies (1ms)
				RefreshPlugins (2ms)
				BeforeProcessingInitializeOnLoad (285ms)
				ProcessInitializeOnLoadAttributes (637ms)
				ProcessInitializeOnLoadMethodAttributes (273ms)
				AfterProcessingInitializeOnLoad (25ms)
				EditorAssembliesLoaded (1ms)
			ExecutionOrderSort2 (0ms)
			AwakeInstancesAfterBackupRestoration (29ms)
Platform modules already initialized, skipping
Refreshing native plugins compatible for Editor in 8.09 ms, found 4 plugins.
Preloading 0 native plugins for Editor in 0.00 ms.
Unloading 5111 Unused Serialized files (Serialized files now loaded: 0)
Unloading 42 unused Assets / (1.2 MB). Loaded Objects now: 5674.
Memory consumption went from 204.5 MB to 203.2 MB.
Total: 8.574800 ms (FindLiveObjects: 0.515800 ms CreateObjectMapping: 0.976100 ms MarkObjects: 6.129500 ms  DeleteObjects: 0.950200 ms)

AssetImportParameters requested are different than current active one (requested -> active):
  custom:video-decoder-ogg-theora: a1e56fd34408186e4bbccfd4996cb3dc -> 
  custom:container-muxer-webm: aa71ff27fc2769a1b78a27578f13a17b -> 
  custom:container-demuxer-webm: 4f35f7cbe854078d1ac9338744f61a02 -> 
  custom:video-encoder-webm-vp8: eb34c28f22e8b96e1ab97ce403110664 -> 
  custom:audio-encoder-webm-vorbis: bf7c407c2cedff20999df2af8eb42d56 -> 
  custom:framework-win-MediaFoundation: 216162199b28c13a410421893ffa2e32 -> 
  custom:container-demuxer-ogg: 62fdf1f143b41e24485cea50d1cbac27 -> 
  custom:video-decoder-webm-vp8: 9c59270c3fd7afecdb556c50c9e8de78 -> 
  custom:audio-decoder-ogg-vorbis: bf7c407c2cedff20999df2af8eb42d56 -> 
========================================================================
Received Prepare
Registering precompiled user dll's ...
Registered in 0.045009 seconds.
Begin MonoManager ReloadAssembly
Symbol file LoadedFromMemory doesn't match image C:\Users\Indatech\Documents\Balen Saga - Crown of Despair\BS-CoD\Balen Saga - Crown of Despair\Library\PackageCache\com.unity.visualscripting@1.8.0\Editor\VisualScripting.Core\Dependencies\YamlDotNet\Unity.VisualScripting.YamlDotNet.dll
Symbol file LoadedFromMemory doesn't match image C:\Users\Indatech\Documents\Balen Saga - Crown of Despair\BS-CoD\Balen Saga - Crown of Despair\Library\PackageCache\com.unity.visualscripting@1.8.0\Editor\VisualScripting.Core\Dependencies\DotNetZip\Unity.VisualScripting.IonicZip.dll
Native extension for WindowsStandalone target not found
Native extension for OSXStandalone target not found
Native extension for WebGL target not found
Refreshing native plugins compatible for Editor in 3.60 ms, found 4 plugins.
Preloading 0 native plugins for Editor in 0.00 ms.
[ScriptCompilation] NOT recompiling all scripts because this is an import worker process. Reason to compile was: Define symbols changed
[ScriptCompilation] NOT recompiling all scripts because this is an import worker process. Reason to compile was: Define symbols changed
[ScriptCompilation] NOT recompiling all scripts because this is an import worker process. Reason to compile was: Define symbols changed
[ScriptCompilation] NOT recompiling all scripts because this is an import worker process. Reason to compile was: Define symbols changed
[ScriptCompilation] NOT recompiling all scripts because this is an import worker process. Reason to compile was: Define symbols changed
[ScriptCompilation] NOT recompiling all scripts because this is an import worker process. Reason to compile was: Define symbols changed
[ScriptCompilation] NOT recompiling all scripts because this is an import worker process. Reason to compile was: Define symbols changed
[ScriptCompilation] NOT recompiling all scripts because this is an import worker process. Reason to compile was: Define symbols changed
Mono: successfully reloaded assembly
- Completed reload, in  4.189 seconds
Domain Reload Profiling:
	ReloadAssembly (4191ms)
		BeginReloadAssembly (312ms)
			ExecutionOrderSort (0ms)
			DisableScriptedObjects (20ms)
			BackupInstance (0ms)
			ReleaseScriptingObjects (0ms)
			CreateAndSetChildDomain (78ms)
		EndReloadAssembly (3566ms)
			LoadAssemblies (249ms)
			RebuildTransferFunctionScriptingTraits (0ms)
			SetupTypeCache (1025ms)
			ReleaseScriptCaches (5ms)
			RebuildScriptCaches (188ms)
			SetupLoadedEditorAssemblies (1776ms)
				LogAssemblyErrors (0ms)
				InitializePlatformSupportModulesInManaged (43ms)
				SetLoadedEditorAssemblies (2ms)
				RefreshPlugins (4ms)
				BeforeProcessingInitializeOnLoad (362ms)
				ProcessInitializeOnLoadAttributes (1023ms)
				ProcessInitializeOnLoadMethodAttributes (313ms)
				AfterProcessingInitializeOnLoad (29ms)
				EditorAssembliesLoaded (0ms)
			ExecutionOrderSort2 (0ms)
			AwakeInstancesAfterBackupRestoration (31ms)
Platform modules already initialized, skipping
Refreshing native plugins compatible for Editor in 12.71 ms, found 4 plugins.
Preloading 0 native plugins for Editor in 0.00 ms.
Unloading 6294 Unused Serialized files (Serialized files now loaded: 0)
Unloading 59 unused Assets / (1.2 MB). Loaded Objects now: 6926.
Memory consumption went from 234.8 MB to 233.6 MB.
Total: 11.284500 ms (FindLiveObjects: 0.931400 ms CreateObjectMapping: 0.877800 ms MarkObjects: 8.404700 ms  DeleteObjects: 1.068200 ms)

AssetImportParameters requested are different than current active one (requested -> active):
  custom:video-decoder-ogg-theora: a1e56fd34408186e4bbccfd4996cb3dc -> 
  custom:container-muxer-webm: aa71ff27fc2769a1b78a27578f13a17b -> 
  custom:container-demuxer-webm: 4f35f7cbe854078d1ac9338744f61a02 -> 
  custom:video-encoder-webm-vp8: eb34c28f22e8b96e1ab97ce403110664 -> 
  custom:audio-encoder-webm-vorbis: bf7c407c2cedff20999df2af8eb42d56 -> 
  custom:framework-win-MediaFoundation: 216162199b28c13a410421893ffa2e32 -> 
  custom:container-demuxer-ogg: 62fdf1f143b41e24485cea50d1cbac27 -> 
  custom:video-decoder-webm-vp8: 9c59270c3fd7afecdb556c50c9e8de78 -> 
  custom:audio-decoder-ogg-vorbis: bf7c407c2cedff20999df2af8eb42d56 -> 
========================================================================
Received Import Request.
  Time since last request: 812.384377 seconds.
  path: Assets/PlayMaker/Actions
  artifactKey: Guid(e0f28db390b02c649923758f704fd26e) Importer(815301076,1909f56bfc062723c751e8b465ee728b)
Start importing Assets/PlayMaker/Actions using Guid(e0f28db390b02c649923758f704fd26e) Importer(815301076,1909f56bfc062723c751e8b465ee728b)  -> (artifact id: '0b12c8f7b2595c8ad78bbcc71c1360a0') in 0.037386 seconds 
========================================================================
Received Import Request.
  Time since last request: 8.429602 seconds.
  path: Assets/PlayMaker/Editor/PlayMakerEditor.dll
  artifactKey: Guid(336aa50a81ce85b47b50a7b6adf85a76) Importer(815301076,1909f56bfc062723c751e8b465ee728b)
Start importing Assets/PlayMaker/Editor/PlayMakerEditor.dll using Guid(336aa50a81ce85b47b50a7b6adf85a76) Importer(815301076,1909f56bfc062723c751e8b465ee728b)  -> (artifact id: '781df3a95dfe974f943d3f399e6cd3b4') in 0.009857 seconds 
========================================================================
Received Import Request.
  Time since last request: 2.552898 seconds.
  path: Assets/PlayMaker/Editor/PlayMakerEditorResources.dll
  artifactKey: Guid(2856d9e072e50c74c8b18fe7f33db5f1) Importer(815301076,1909f56bfc062723c751e8b465ee728b)
Start importing Assets/PlayMaker/Editor/PlayMakerEditorResources.dll using Guid(2856d9e072e50c74c8b18fe7f33db5f1) Importer(815301076,1909f56bfc062723c751e8b465ee728b)  -> (artifact id: '6eaf43406176f206f4162755e6ed1df6') in 0.003362 seconds 
========================================================================
Received Import Request.
  Time since last request: 2.054498 seconds.
  path: Assets/PlayMaker/Editor/PlayMakerDefines.cs
  artifactKey: Guid(13c472f9b04df314f9f611dc221fde5d) Importer(815301076,1909f56bfc062723c751e8b465ee728b)
Start importing Assets/PlayMaker/Editor/PlayMakerDefines.cs using Guid(13c472f9b04df314f9f611dc221fde5d) Importer(815301076,1909f56bfc062723c751e8b465ee728b)  -> (artifact id: '1d7b6ecc184ddcd74d7ad4474e900821') in 0.014040 seconds 
========================================================================
Received Import Request.
  Time since last request: 1.863715 seconds.
  path: Assets/PlayMaker/Editor/PlayMakerEditor.dll.mdb
  artifactKey: Guid(676b95d8233a4f74699272b34a47277b) Importer(815301076,1909f56bfc062723c751e8b465ee728b)
Start importing Assets/PlayMaker/Editor/PlayMakerEditor.dll.mdb using Guid(676b95d8233a4f74699272b34a47277b) Importer(815301076,1909f56bfc062723c751e8b465ee728b)  -> (artifact id: 'a7a3042ed4f9f9b5a55a18495da0aead') in 0.017208 seconds 
========================================================================
Received Import Request.
  Time since last request: 4.984546 seconds.
  path: Assets/PlayMaker/Editor/PlayMakerUpgradeTools.cs
  artifactKey: Guid(b2a6920d32cb98944bf2529341b9ef44) Importer(815301076,1909f56bfc062723c751e8b465ee728b)
Start importing Assets/PlayMaker/Editor/PlayMakerUpgradeTools.cs using Guid(b2a6920d32cb98944bf2529341b9ef44) Importer(815301076,1909f56bfc062723c751e8b465ee728b)  -> (artifact id: 'd99772919a6bf19efd2524fc6266bbf7') in 0.002635 seconds 
========================================================================
Received Import Request.
  Time since last request: 0.636333 seconds.
  path: Assets/PlayMaker/Editor/PlayMakerWelcomeWindow.cs
  artifactKey: Guid(ae09cdaf80f2e864094117640e60c154) Importer(815301076,1909f56bfc062723c751e8b465ee728b)
Start importing Assets/PlayMaker/Editor/PlayMakerWelcomeWindow.cs using Guid(ae09cdaf80f2e864094117640e60c154) Importer(815301076,1909f56bfc062723c751e8b465ee728b)  -> (artifact id: '18583e6348cc115a6bd6b223c2bc0163') in 0.001966 seconds 
========================================================================
Received Import Request.
  Time since last request: 7.930051 seconds.
  path: Assets/PlayMaker/Readme.txt
  artifactKey: Guid(c011a0a1ce6dd964db105e9bd924acc1) Importer(815301076,1909f56bfc062723c751e8b465ee728b)
Start importing Assets/PlayMaker/Readme.txt using Guid(c011a0a1ce6dd964db105e9bd924acc1) Importer(815301076,1909f56bfc062723c751e8b465ee728b)  -> (artifact id: 'af8e7c2cd72b3b44e9d3bef3e7f647c6') in 0.015913 seconds 
========================================================================
Received Import Request.
  Time since last request: 14.315026 seconds.
  path: Assets/PlayMaker/Versions
  artifactKey: Guid(b08e5472af8597f4bbb58c9cffc90513) Importer(815301076,1909f56bfc062723c751e8b465ee728b)
Start importing Assets/PlayMaker/Versions using Guid(b08e5472af8597f4bbb58c9cffc90513) Importer(815301076,1909f56bfc062723c751e8b465ee728b)  -> (artifact id: '3b95c3710548dba0cba2ee7c9292d8a2') in 0.003733 seconds 
========================================================================
Received Import Request.
  Time since last request: 3.565967 seconds.
  path: Assets/PlayMaker/Versions/PlaymakerDefault.unitypackage
  artifactKey: Guid(13193f8361d6541429275feb05e0eafe) Importer(815301076,1909f56bfc062723c751e8b465ee728b)
Start importing Assets/PlayMaker/Versions/PlaymakerDefault.unitypackage using Guid(13193f8361d6541429275feb05e0eafe) Importer(815301076,1909f56bfc062723c751e8b465ee728b)  -> (artifact id: '6f1f6f1ad427f603648bd46918d293f5') in 0.010447 seconds 
========================================================================
Received Import Request.
  Time since last request: 1.332911 seconds.
  path: Assets/PlayMaker/Versions/PlaymakerPreview.unitypackage
  artifactKey: Guid(ddda830d60ad2384b8cff5d58ce815ab) Importer(815301076,1909f56bfc062723c751e8b465ee728b)
Start importing Assets/PlayMaker/Versions/PlaymakerPreview.unitypackage using Guid(ddda830d60ad2384b8cff5d58ce815ab) Importer(815301076,1909f56bfc062723c751e8b465ee728b)  -> (artifact id: 'd4339e304dbe9b193aa2d51d0412e31b') in 0.008540 seconds 
========================================================================
Received Import Request.
  Time since last request: 9.389637 seconds.
  path: Assets/PlayMaker/Templates
  artifactKey: Guid(3e30cdaff0c42374aa75a87245106ab1) Importer(815301076,1909f56bfc062723c751e8b465ee728b)
Start importing Assets/PlayMaker/Templates using Guid(3e30cdaff0c42374aa75a87245106ab1) Importer(815301076,1909f56bfc062723c751e8b465ee728b)  -> (artifact id: '45d41ba2a9c48ab6cfc8da950ba802dc') in 0.004274 seconds 
========================================================================
Received Import Request.
  Time since last request: 1.161466 seconds.
  path: Assets/PlayMaker/Templates/Readme.txt
  artifactKey: Guid(03ab525144a5be94e95b4ef07529d133) Importer(815301076,1909f56bfc062723c751e8b465ee728b)
Start importing Assets/PlayMaker/Templates/Readme.txt using Guid(03ab525144a5be94e95b4ef07529d133) Importer(815301076,1909f56bfc062723c751e8b465ee728b)  -> (artifact id: '0ad34b4a27f5fef03c1bdb3718c889d2') in 0.004439 seconds 
========================================================================
Received Import Request.
  Time since last request: 7.189125 seconds.
  path: Assets/PlayMaker/Resources
  artifactKey: Guid(e1eabd03ef748d54ebd26d7be14378fc) Importer(815301076,1909f56bfc062723c751e8b465ee728b)
Start importing Assets/PlayMaker/Resources using Guid(e1eabd03ef748d54ebd26d7be14378fc) Importer(815301076,1909f56bfc062723c751e8b465ee728b)  -> (artifact id: 'f6e09d8d3ddc10d3cec3b679fe091eae') in 0.005449 seconds 
========================================================================
Received Import Request.
  Time since last request: 1.559784 seconds.
  path: Assets/PlayMaker/Resources/PlayMakerAssemblies.txt
  artifactKey: Guid(271632ebb8b29e443ab35c610213c392) Importer(815301076,1909f56bfc062723c751e8b465ee728b)
Start importing Assets/PlayMaker/Resources/PlayMakerAssemblies.txt using Guid(271632ebb8b29e443ab35c610213c392) Importer(815301076,1909f56bfc062723c751e8b465ee728b)  -> (artifact id: 'c09d40a73a0a271cd696361638b942ce') in 0.004841 seconds 
========================================================================
Received Import Request.
  Time since last request: 17.446538 seconds.
  path: Assets/Gizmos
  artifactKey: Guid(db67ac655d8de824194f587deecafb3c) Importer(815301076,1909f56bfc062723c751e8b465ee728b)
Start importing Assets/Gizmos using Guid(db67ac655d8de824194f587deecafb3c) Importer(815301076,1909f56bfc062723c751e8b465ee728b)  -> (artifact id: 'cc364b5856e5b4c505153e395b0170b5') in 0.004105 seconds 
========================================================================
Received Import Request.
  Time since last request: 0.004247 seconds.
  path: Assets/Gizmos/FsmTemplate Icon.png
  artifactKey: Guid(b79a8c6a7f59ffe4caefb7ee0dbb6c28) Importer(815301076,1909f56bfc062723c751e8b465ee728b)
Start importing Assets/Gizmos/FsmTemplate Icon.png using Guid(b79a8c6a7f59ffe4caefb7ee0dbb6c28) Importer(815301076,1909f56bfc062723c751e8b465ee728b)  -> (artifact id: 'd7fb374bbcf9914bab41299f0eea26b5') in 0.166140 seconds 
========================================================================
Received Import Request.
  Time since last request: 0.000040 seconds.
  path: Assets/Gizmos/PlayMakerFSM Icon.png
  artifactKey: Guid(4889c347147d7844a93bbdd28089ce27) Importer(815301076,1909f56bfc062723c751e8b465ee728b)
Start importing Assets/Gizmos/PlayMakerFSM Icon.png using Guid(4889c347147d7844a93bbdd28089ce27) Importer(815301076,1909f56bfc062723c751e8b465ee728b)  -> (artifact id: 'd121f8d1d12b1e435a2948c853044e9e') in 0.012094 seconds 
========================================================================
Received Import Request.
  Time since last request: 0.000057 seconds.
  path: Assets/Gizmos/PlayMakerPrefs Icon.png
  artifactKey: Guid(70b5f8288a5c3a64b9b1bc002bcf0c28) Importer(815301076,1909f56bfc062723c751e8b465ee728b)
Start importing Assets/Gizmos/PlayMakerPrefs Icon.png using Guid(70b5f8288a5c3a64b9b1bc002bcf0c28) Importer(815301076,1909f56bfc062723c751e8b465ee728b)  -> (artifact id: 'cd4fb352ce18a80ae78114cf36d45418') in 0.015826 seconds 
========================================================================
Received Import Request.
  Time since last request: 0.000033 seconds.
  path: Assets/Gizmos/PlayMakerGUI Icon.png
  artifactKey: Guid(2c7db6fc3f6ab6b429b6a3924d3820eb) Importer(815301076,1909f56bfc062723c751e8b465ee728b)
Start importing Assets/Gizmos/PlayMakerGUI Icon.png using Guid(2c7db6fc3f6ab6b429b6a3924d3820eb) Importer(815301076,1909f56bfc062723c751e8b465ee728b)  -> (artifact id: '947009ccebd6a537e3718269d1c3945e') in 0.014395 seconds 
========================================================================
Received Import Request.
  Time since last request: 0.000049 seconds.
  path: Assets/Gizmos/PlayMakerGlobals Icon.png
  artifactKey: Guid(60204a42898e09e44afa4f4ca5ed1da1) Importer(815301076,1909f56bfc062723c751e8b465ee728b)
Start importing Assets/Gizmos/PlayMakerGlobals Icon.png using Guid(60204a42898e09e44afa4f4ca5ed1da1) Importer(815301076,1909f56bfc062723c751e8b465ee728b)  -> (artifact id: 'a5e42baaead2701e250288238f8cc580') in 0.017556 seconds 
